# JRE version: Java(TM) SE Runtime Environment (8.0_73-b02) (build 1.8.0_73-b02)
# Java VM: Java HotSpot(TM) 64-Bit Server VM (25.73-b02 mixed mode windows-amd64 compressed oops)
Heap:
 PSYoungGen      total 135680K, used 67706K [0x0000000780980000, 0x000000078eb80000, 0x00000007c0000000)
  eden space 124416K, 54% used [0x0000000780980000,0x0000000784b9e8b8,0x0000000788300000)
  from space 11264K, 0% used [0x0000000788300000,0x0000000788300000,0x0000000788e00000)
  to   space 11776K, 0% used [0x000000078e000000,0x000000078e000000,0x000000078eb80000)
 ParOldGen       total 118272K, used 14205K [0x0000000701c00000, 0x0000000708f80000, 0x0000000780980000)
  object space 118272K, 12% used [0x0000000701c00000,0x00000007029df648,0x0000000708f80000)
 Metaspace       used 41890K, capacity 43186K, committed 43608K, reserved 1087488K
  class space    used 5671K, capacity 5921K, committed 5976K, reserved 1048576K
GC Heap History (10 events):
Event: 2.836 GC heap before
{Heap before GC invocations=5 (full 1):
 PSYoungGen      total 57344K, used 49152K [0x0000000780980000, 0x0000000787980000, 0x00000007c0000000)
  eden space 49152K, 100% used [0x0000000780980000,0x0000000783980000,0x0000000783980000)
  from space 8192K, 0% used [0x0000000783980000,0x0000000783980000,0x0000000784180000)
  to   space 8192K, 0% used [0x0000000787180000,0x0000000787180000,0x0000000787980000)
 ParOldGen       total 81920K, used 9008K [0x0000000701c00000, 0x0000000706c00000, 0x0000000780980000)
  object space 81920K, 10% used [0x0000000701c00000,0x00000007024cc098,0x0000000706c00000)
 Metaspace       used 24539K, capacity 25276K, committed 25472K, reserved 1071104K
  class space    used 3153K, capacity 3340K, committed 3456K, reserved 1048576K
Event: 2.858 GC heap after
Heap after GC invocations=5 (full 1):
 PSYoungGen      total 84992K, used 5095K [0x0000000780980000, 0x0000000787680000, 0x00000007c0000000)
  eden space 79872K, 0% used [0x0000000780980000,0x0000000780980000,0x0000000785780000)
  from space 5120K, 99% used [0x0000000787180000,0x0000000787679e10,0x0000000787680000)
  to   space 8192K, 0% used [0x0000000786680000,0x0000000786680000,0x0000000786e80000)
 ParOldGen       total 81920K, used 9080K [0x0000000701c00000, 0x0000000706c00000, 0x0000000780980000)
  object space 81920K, 11% used [0x0000000701c00000,0x00000007024de0a8,0x0000000706c00000)
 Metaspace       used 24539K, capacity 25276K, committed 25472K, reserved 1071104K
  class space    used 3153K, capacity 3340K, committed 3456K, reserved 1048576K
}
Event: 3.568 GC heap before
{Heap before GC invocations=6 (full 1):
 PSYoungGen      total 84992K, used 84967K [0x0000000780980000, 0x0000000787680000, 0x00000007c0000000)
  eden space 79872K, 100% used [0x0000000780980000,0x0000000785780000,0x0000000785780000)
  from space 5120K, 99% used [0x0000000787180000,0x0000000787679e10,0x0000000787680000)
  to   space 8192K, 0% used [0x0000000786680000,0x0000000786680000,0x0000000786e80000)
 ParOldGen       total 81920K, used 9080K [0x0000000701c00000, 0x0000000706c00000, 0x0000000780980000)
  object space 81920K, 11% used [0x0000000701c00000,0x00000007024de0a8,0x0000000706c00000)
 Metaspace       used 27704K, capacity 28698K, committed 28928K, reserved 1075200K
  class space    used 3583K, capacity 3819K, committed 3840K, reserved 1048576K
Event: 3.574 GC heap after
Heap after GC invocations=6 (full 1):
 PSYoungGen      total 103424K, used 6768K [0x0000000780980000, 0x0000000789700000, 0x00000007c0000000)
  eden space 95232K, 0% used [0x0000000780980000,0x0000000780980000,0x0000000786680000)
  from space 8192K, 82% used [0x0000000786680000,0x0000000786d1c068,0x0000000786e80000)
  to   space 9216K, 0% used [0x0000000788e00000,0x0000000788e00000,0x0000000789700000)
 ParOldGen       total 81920K, used 9088K [0x0000000701c00000, 0x0000000706c00000, 0x0000000780980000)
  object space 81920K, 11% used [0x0000000701c00000,0x00000007024e00a8,0x0000000706c00000)
 Metaspace       used 27704K, capacity 28698K, committed 28928K, reserved 1075200K
  class space    used 3583K, capacity 3819K, committed 3840K, reserved 1048576K
}
Event: 4.921 GC heap before
{Heap before GC invocations=7 (full 1):
 PSYoungGen      total 103424K, used 102000K [0x0000000780980000, 0x0000000789700000, 0x00000007c0000000)
  eden space 95232K, 100% used [0x0000000780980000,0x0000000786680000,0x0000000786680000)
  from space 8192K, 82% used [0x0000000786680000,0x0000000786d1c068,0x0000000786e80000)
  to   space 9216K, 0% used [0x0000000788e00000,0x0000000788e00000,0x0000000789700000)
 ParOldGen       total 81920K, used 9088K [0x0000000701c00000, 0x0000000706c00000, 0x0000000780980000)
  object space 81920K, 11% used [0x0000000701c00000,0x00000007024e00a8,0x0000000706c00000)
 Metaspace       used 32806K, capacity 34016K, committed 34176K, reserved 1079296K
  class space    used 4219K, capacity 4474K, committed 4480K, reserved 1048576K
Event: 4.932 GC heap after
Heap after GC invocations=7 (full 1):
 PSYoungGen      total 133632K, used 9193K [0x0000000780980000, 0x000000078af00000, 0x00000007c0000000)
  eden space 124416K, 0% used [0x0000000780980000,0x0000000780980000,0x0000000788300000)
  from space 9216K, 99% used [0x0000000788e00000,0x00000007896fa580,0x0000000789700000)
  to   space 11264K, 0% used [0x0000000788300000,0x0000000788300000,0x0000000788e00000)
 ParOldGen       total 81920K, used 10493K [0x0000000701c00000, 0x0000000706c00000, 0x0000000780980000)
  object space 81920K, 12% used [0x0000000701c00000,0x000000070263f588,0x0000000706c00000)
 Metaspace       used 32806K, capacity 34016K, committed 34176K, reserved 1079296K
  class space    used 4219K, capacity 4474K, committed 4480K, reserved 1048576K
}
Event: 5.088 GC heap before
{Heap before GC invocations=8 (full 1):
 PSYoungGen      total 133632K, used 24036K [0x0000000780980000, 0x000000078af00000, 0x00000007c0000000)
  eden space 124416K, 11% used [0x0000000780980000,0x00000007817febb8,0x0000000788300000)
  from space 9216K, 99% used [0x0000000788e00000,0x00000007896fa580,0x0000000789700000)
  to   space 11264K, 0% used [0x0000000788300000,0x0000000788300000,0x0000000788e00000)
 ParOldGen       total 81920K, used 10493K [0x0000000701c00000, 0x0000000706c00000, 0x0000000780980000)
  object space 81920K, 12% used [0x0000000701c00000,0x000000070263f588,0x0000000706c00000)
 Metaspace       used 34117K, capacity 35284K, committed 35416K, reserved 1079296K
  class space    used 4393K, capacity 4638K, committed 4696K, reserved 1048576K
Event: 5.100 GC heap after
Heap after GC invocations=8 (full 1):
 PSYoungGen      total 135680K, used 9588K [0x0000000780980000, 0x000000078eb80000, 0x00000007c0000000)
  eden space 124416K, 0% used [0x0000000780980000,0x0000000780980000,0x0000000788300000)
  from space 11264K, 85% used [0x0000000788300000,0x0000000788c5d2d8,0x0000000788e00000)
  to   space 11776K, 0% used [0x000000078e000000,0x000000078e000000,0x000000078eb80000)
 ParOldGen       total 81920K, used 10493K [0x0000000701c00000, 0x0000000706c00000, 0x0000000780980000)
  object space 81920K, 12% used [0x0000000701c00000,0x000000070263f588,0x0000000706c00000)
 Metaspace       used 34117K, capacity 35284K, committed 35416K, reserved 1079296K
  class space    used 4393K, capacity 4638K, committed 4696K, reserved 1048576K
}
Event: 5.100 GC heap before
{Heap before GC invocations=9 (full 2):
 PSYoungGen      total 135680K, used 9588K [0x0000000780980000, 0x000000078eb80000, 0x00000007c0000000)
  eden space 124416K, 0% used [0x0000000780980000,0x0000000780980000,0x0000000788300000)
  from space 11264K, 85% used [0x0000000788300000,0x0000000788c5d2d8,0x0000000788e00000)
  to   space 11776K, 0% used [0x000000078e000000,0x000000078e000000,0x000000078eb80000)
 ParOldGen       total 81920K, used 10493K [0x0000000701c00000, 0x0000000706c00000, 0x0000000780980000)
  object space 81920K, 12% used [0x0000000701c00000,0x000000070263f588,0x0000000706c00000)
 Metaspace       used 34117K, capacity 35284K, committed 35416K, reserved 1079296K
  class space    used 4393K, capacity 4638K, committed 4696K, reserved 1048576K
Event: 5.181 GC heap after
Heap after GC invocations=9 (full 2):
 PSYoungGen      total 135680K, used 0K [0x0000000780980000, 0x000000078eb80000, 0x00000007c0000000)
  eden space 124416K, 0% used [0x0000000780980000,0x0000000780980000,0x0000000788300000)
  from space 11264K, 0% used [0x0000000788300000,0x0000000788300000,0x0000000788e00000)
  to   space 11776K, 0% used [0x000000078e000000,0x000000078e000000,0x000000078eb80000)
 ParOldGen       total 118272K, used 14205K [0x0000000701c00000, 0x0000000708f80000, 0x0000000780980000)
  object space 118272K, 12% used [0x0000000701c00000,0x00000007029df648,0x0000000708f80000)
 Metaspace       used 34117K, capacity 35284K, committed 35416K, reserved 1079296K
  class space    used 4393K, capacity 4638K, committed 4696K, reserved 1048576K
}

