# JRE version: Java(TM) SE Runtime Environment (8.0_73-b02) (build 1.8.0_73-b02)
# Java VM: Java HotSpot(TM) 64-Bit Server VM (25.73-b02 mixed mode windows-amd64 compressed oops)
Heap:
 PSYoungGen      total 393728K, used 228595K [0x0000000780980000, 0x000000079ac00000, 0x00000007c0000000)
  eden space 368640K, 55% used [0x0000000780980000,0x000000078d0405f8,0x0000000797180000)
  from space 25088K, 99% used [0x0000000799380000,0x000000079abfc918,0x000000079ac00000)
  to   space 29696K, 0% used [0x0000000797200000,0x0000000797200000,0x0000000798f00000)
 ParOldGen       total 206336K, used 43273K [0x0000000701c00000, 0x000000070e580000, 0x0000000780980000)
  object space 206336K, 20% used [0x0000000701c00000,0x0000000704642690,0x000000070e580000)
 Metaspace       used 81589K, capacity 84836K, committed 85160K, reserved 1124352K
  class space    used 10248K, capacity 10850K, committed 10920K, reserved 1048576K
GC Heap History (10 events):
Event: 8.785 GC heap before
{Heap before GC invocations=9 (full 2):
 PSYoungGen      total 245760K, used 240611K [0x0000000780980000, 0x0000000793b80000, 0x00000007c0000000)
  eden space 227840K, 100% used [0x0000000780980000,0x000000078e800000,0x000000078e800000)
  from space 17920K, 71% used [0x000000078f980000,0x00000007905f8f70,0x0000000790b00000)
  to   space 17920K, 0% used [0x000000078e800000,0x000000078e800000,0x000000078f980000)
 ParOldGen       total 147456K, used 24487K [0x0000000701c00000, 0x000000070ac00000, 0x0000000780980000)
  object space 147456K, 16% used [0x0000000701c00000,0x00000007033e9d10,0x000000070ac00000)
 Metaspace       used 52768K, capacity 54936K, committed 55080K, reserved 1097728K
  class space    used 6680K, capacity 7133K, committed 7208K, reserved 1048576K
Event: 8.801 GC heap after
Heap after GC invocations=9 (full 2):
 PSYoungGen      total 245760K, used 17883K [0x0000000780980000, 0x0000000796880000, 0x00000007c0000000)
  eden space 227840K, 0% used [0x0000000780980000,0x0000000780980000,0x000000078e800000)
  from space 17920K, 99% used [0x000000078e800000,0x000000078f976f48,0x000000078f980000)
  to   space 20480K, 0% used [0x0000000795480000,0x0000000795480000,0x0000000796880000)
 ParOldGen       total 147456K, used 24567K [0x0000000701c00000, 0x000000070ac00000, 0x0000000780980000)
  object space 147456K, 16% used [0x0000000701c00000,0x00000007033fdd20,0x000000070ac00000)
 Metaspace       used 52768K, capacity 54936K, committed 55080K, reserved 1097728K
  class space    used 6680K, capacity 7133K, committed 7208K, reserved 1048576K
}
Event: 9.621 GC heap before
{Heap before GC invocations=10 (full 2):
 PSYoungGen      total 245760K, used 159528K [0x0000000780980000, 0x0000000796880000, 0x00000007c0000000)
  eden space 227840K, 62% used [0x0000000780980000,0x00000007893d33c8,0x000000078e800000)
  from space 17920K, 99% used [0x000000078e800000,0x000000078f976f48,0x000000078f980000)
  to   space 20480K, 0% used [0x0000000795480000,0x0000000795480000,0x0000000796880000)
 ParOldGen       total 147456K, used 24567K [0x0000000701c00000, 0x000000070ac00000, 0x0000000780980000)
  object space 147456K, 16% used [0x0000000701c00000,0x00000007033fdd20,0x000000070ac00000)
 Metaspace       used 56795K, capacity 59064K, committed 59160K, reserved 1101824K
  class space    used 7087K, capacity 7551K, committed 7592K, reserved 1048576K
Event: 9.638 GC heap after
Heap after GC invocations=10 (full 2):
 PSYoungGen      total 336896K, used 18555K [0x0000000780980000, 0x0000000797480000, 0x00000007c0000000)
  eden space 316416K, 0% used [0x0000000780980000,0x0000000780980000,0x0000000793e80000)
  from space 20480K, 90% used [0x0000000795480000,0x000000079669ed98,0x0000000796880000)
  to   space 22528K, 0% used [0x0000000793e80000,0x0000000793e80000,0x0000000795480000)
 ParOldGen       total 147456K, used 24575K [0x0000000701c00000, 0x000000070ac00000, 0x0000000780980000)
  object space 147456K, 16% used [0x0000000701c00000,0x00000007033ffd20,0x000000070ac00000)
 Metaspace       used 56795K, capacity 59064K, committed 59160K, reserved 1101824K
  class space    used 7087K, capacity 7551K, committed 7592K, reserved 1048576K
}
Event: 9.638 GC heap before
{Heap before GC invocations=11 (full 3):
 PSYoungGen      total 336896K, used 18555K [0x0000000780980000, 0x0000000797480000, 0x00000007c0000000)
  eden space 316416K, 0% used [0x0000000780980000,0x0000000780980000,0x0000000793e80000)
  from space 20480K, 90% used [0x0000000795480000,0x000000079669ed98,0x0000000796880000)
  to   space 22528K, 0% used [0x0000000793e80000,0x0000000793e80000,0x0000000795480000)
 ParOldGen       total 147456K, used 24575K [0x0000000701c00000, 0x000000070ac00000, 0x0000000780980000)
  object space 147456K, 16% used [0x0000000701c00000,0x00000007033ffd20,0x000000070ac00000)
 Metaspace       used 56795K, capacity 59064K, committed 59160K, reserved 1101824K
  class space    used 7087K, capacity 7551K, committed 7592K, reserved 1048576K
Event: 9.788 GC heap after
Heap after GC invocations=11 (full 3):
 PSYoungGen      total 336896K, used 0K [0x0000000780980000, 0x0000000797480000, 0x00000007c0000000)
  eden space 316416K, 0% used [0x0000000780980000,0x0000000780980000,0x0000000793e80000)
  from space 20480K, 0% used [0x0000000795480000,0x0000000795480000,0x0000000796880000)
  to   space 22528K, 0% used [0x0000000793e80000,0x0000000793e80000,0x0000000795480000)
 ParOldGen       total 206336K, used 39686K [0x0000000701c00000, 0x000000070e580000, 0x0000000780980000)
  object space 206336K, 19% used [0x0000000701c00000,0x00000007042c1aa0,0x000000070e580000)
 Metaspace       used 56795K, capacity 59064K, committed 59160K, reserved 1101824K
  class space    used 7087K, capacity 7551K, committed 7592K, reserved 1048576K
}
Event: 12.582 GC heap before
{Heap before GC invocations=12 (full 3):
 PSYoungGen      total 336896K, used 316416K [0x0000000780980000, 0x0000000797480000, 0x00000007c0000000)
  eden space 316416K, 100% used [0x0000000780980000,0x0000000793e80000,0x0000000793e80000)
  from space 20480K, 0% used [0x0000000795480000,0x0000000795480000,0x0000000796880000)
  to   space 22528K, 0% used [0x0000000793e80000,0x0000000793e80000,0x0000000795480000)
 ParOldGen       total 206336K, used 39686K [0x0000000701c00000, 0x000000070e580000, 0x0000000780980000)
  object space 206336K, 19% used [0x0000000701c00000,0x00000007042c1aa0,0x000000070e580000)
 Metaspace       used 73813K, capacity 76734K, committed 76968K, reserved 1116160K
  class space    used 9269K, capacity 9826K, committed 9896K, reserved 1048576K
Event: 12.605 GC heap after
Heap after GC invocations=12 (full 3):
 PSYoungGen      total 338944K, used 22137K [0x0000000780980000, 0x000000079ac00000, 0x00000007c0000000)
  eden space 316416K, 0% used [0x0000000780980000,0x0000000780980000,0x0000000793e80000)
  from space 22528K, 98% used [0x0000000793e80000,0x000000079541e420,0x0000000795480000)
  to   space 25088K, 0% used [0x0000000799380000,0x0000000799380000,0x000000079ac00000)
 ParOldGen       total 206336K, used 39694K [0x0000000701c00000, 0x000000070e580000, 0x0000000780980000)
  object space 206336K, 19% used [0x0000000701c00000,0x00000007042c3aa0,0x000000070e580000)
 Metaspace       used 73813K, capacity 76734K, committed 76968K, reserved 1116160K
  class space    used 9269K, capacity 9826K, committed 9896K, reserved 1048576K
}
Event: 27.780 GC heap before
{Heap before GC invocations=13 (full 3):
 PSYoungGen      total 338944K, used 338553K [0x0000000780980000, 0x000000079ac00000, 0x00000007c0000000)
  eden space 316416K, 100% used [0x0000000780980000,0x0000000793e80000,0x0000000793e80000)
  from space 22528K, 98% used [0x0000000793e80000,0x000000079541e420,0x0000000795480000)
  to   space 25088K, 0% used [0x0000000799380000,0x0000000799380000,0x000000079ac00000)
 ParOldGen       total 206336K, used 39694K [0x0000000701c00000, 0x000000070e580000, 0x0000000780980000)
  object space 206336K, 19% used [0x0000000701c00000,0x00000007042c3aa0,0x000000070e580000)
 Metaspace       used 81570K, capacity 84836K, committed 85160K, reserved 1124352K
  class space    used 10246K, capacity 10850K, committed 10920K, reserved 1048576K
Event: 27.805 GC heap after
Heap after GC invocations=13 (full 3):
 PSYoungGen      total 393728K, used 25074K [0x0000000780980000, 0x000000079ac00000, 0x00000007c0000000)
  eden space 368640K, 0% used [0x0000000780980000,0x0000000780980000,0x0000000797180000)
  from space 25088K, 99% used [0x0000000799380000,0x000000079abfc918,0x000000079ac00000)
  to   space 29696K, 0% used [0x0000000797200000,0x0000000797200000,0x0000000798f00000)
 ParOldGen       total 206336K, used 43273K [0x0000000701c00000, 0x000000070e580000, 0x0000000780980000)
  object space 206336K, 20% used [0x0000000701c00000,0x0000000704642690,0x000000070e580000)
 Metaspace       used 81570K, capacity 84836K, committed 85160K, reserved 1124352K
  class space    used 10246K, capacity 10850K, committed 10920K, reserved 1048576K
}

