# JRE version: Java(TM) SE Runtime Environment (8.0_73-b02) (build 1.8.0_73-b02)
# Java VM: Java HotSpot(TM) 64-Bit Server VM (25.73-b02 mixed mode windows-amd64 compressed oops)
Heap:
 PSYoungGen      total 57344K, used 16946K [0x0000000780980000, 0x0000000786280000, 0x00000007c0000000)
  eden space 49152K, 24% used [0x0000000780980000,0x00000007815073e0,0x0000000783980000)
  from space 8192K, 62% used [0x0000000784180000,0x00000007846855a0,0x0000000784980000)
  to   space 8192K, 0% used [0x0000000783980000,0x0000000783980000,0x0000000784180000)
 ParOldGen       total 81920K, used 9018K [0x0000000701c00000, 0x0000000706c00000, 0x0000000780980000)
  object space 81920K, 11% used [0x0000000701c00000,0x00000007024ce9d8,0x0000000706c00000)
 Metaspace       used 25670K, capacity 26394K, committed 26496K, reserved 1073152K
  class space    used 3285K, capacity 3447K, committed 3456K, reserved 1048576K
GC Heap History (10 events):
Event: 0.743 GC heap before
{Heap before GC invocations=1 (full 0):
 PSYoungGen      total 57344K, used 49152K [0x0000000780980000, 0x0000000784980000, 0x00000007c0000000)
  eden space 49152K, 100% used [0x0000000780980000,0x0000000783980000,0x0000000783980000)
  from space 8192K, 0% used [0x0000000784180000,0x0000000784180000,0x0000000784980000)
  to   space 8192K, 0% used [0x0000000783980000,0x0000000783980000,0x0000000784180000)
 ParOldGen       total 131072K, used 0K [0x0000000701c00000, 0x0000000709c00000, 0x0000000780980000)
  object space 131072K, 0% used [0x0000000701c00000,0x0000000701c00000,0x0000000709c00000)
 Metaspace       used 10799K, capacity 11060K, committed 11136K, reserved 1058816K
  class space    used 1291K, capacity 1384K, committed 1408K, reserved 1048576K
Event: 0.752 GC heap after
Heap after GC invocations=1 (full 0):
 PSYoungGen      total 57344K, used 6257K [0x0000000780980000, 0x0000000784980000, 0x00000007c0000000)
  eden space 49152K, 0% used [0x0000000780980000,0x0000000780980000,0x0000000783980000)
  from space 8192K, 76% used [0x0000000783980000,0x0000000783f9c468,0x0000000784180000)
  to   space 8192K, 0% used [0x0000000784180000,0x0000000784180000,0x0000000784980000)
 ParOldGen       total 131072K, used 16K [0x0000000701c00000, 0x0000000709c00000, 0x0000000780980000)
  object space 131072K, 0% used [0x0000000701c00000,0x0000000701c04000,0x0000000709c00000)
 Metaspace       used 10799K, capacity 11060K, committed 11136K, reserved 1058816K
  class space    used 1291K, capacity 1384K, committed 1408K, reserved 1048576K
}
Event: 1.153 GC heap before
{Heap before GC invocations=2 (full 0):
 PSYoungGen      total 57344K, used 55409K [0x0000000780980000, 0x0000000784980000, 0x00000007c0000000)
  eden space 49152K, 100% used [0x0000000780980000,0x0000000783980000,0x0000000783980000)
  from space 8192K, 76% used [0x0000000783980000,0x0000000783f9c468,0x0000000784180000)
  to   space 8192K, 0% used [0x0000000784180000,0x0000000784180000,0x0000000784980000)
 ParOldGen       total 131072K, used 16K [0x0000000701c00000, 0x0000000709c00000, 0x0000000780980000)
  object space 131072K, 0% used [0x0000000701c00000,0x0000000701c04000,0x0000000709c00000)
 Metaspace       used 15729K, capacity 16264K, committed 16512K, reserved 1062912K
  class space    used 2010K, capacity 2126K, committed 2176K, reserved 1048576K
Event: 1.162 GC heap after
Heap after GC invocations=2 (full 0):
 PSYoungGen      total 57344K, used 6786K [0x0000000780980000, 0x0000000784980000, 0x00000007c0000000)
  eden space 49152K, 0% used [0x0000000780980000,0x0000000780980000,0x0000000783980000)
  from space 8192K, 82% used [0x0000000784180000,0x00000007848208b0,0x0000000784980000)
  to   space 8192K, 0% used [0x0000000783980000,0x0000000783980000,0x0000000784180000)
 ParOldGen       total 131072K, used 24K [0x0000000701c00000, 0x0000000709c00000, 0x0000000780980000)
  object space 131072K, 0% used [0x0000000701c00000,0x0000000701c06000,0x0000000709c00000)
 Metaspace       used 15729K, capacity 16264K, committed 16512K, reserved 1062912K
  class space    used 2010K, capacity 2126K, committed 2176K, reserved 1048576K
}
Event: 1.376 GC heap before
{Heap before GC invocations=3 (full 0):
 PSYoungGen      total 57344K, used 55466K [0x0000000780980000, 0x0000000784980000, 0x00000007c0000000)
  eden space 49152K, 99% used [0x0000000780980000,0x000000078390a2d0,0x0000000783980000)
  from space 8192K, 82% used [0x0000000784180000,0x00000007848208b0,0x0000000784980000)
  to   space 8192K, 0% used [0x0000000783980000,0x0000000783980000,0x0000000784180000)
 ParOldGen       total 131072K, used 24K [0x0000000701c00000, 0x0000000709c00000, 0x0000000780980000)
  object space 131072K, 0% used [0x0000000701c00000,0x0000000701c06000,0x0000000709c00000)
 Metaspace       used 20525K, capacity 21114K, committed 21248K, reserved 1067008K
  class space    used 2629K, capacity 2771K, committed 2816K, reserved 1048576K
Event: 1.387 GC heap after
Heap after GC invocations=3 (full 0):
 PSYoungGen      total 57344K, used 8190K [0x0000000780980000, 0x0000000784980000, 0x00000007c0000000)
  eden space 49152K, 0% used [0x0000000780980000,0x0000000780980000,0x0000000783980000)
  from space 8192K, 99% used [0x0000000783980000,0x000000078417fb30,0x0000000784180000)
  to   space 8192K, 0% used [0x0000000784180000,0x0000000784180000,0x0000000784980000)
 ParOldGen       total 131072K, used 1124K [0x0000000701c00000, 0x0000000709c00000, 0x0000000780980000)
  object space 131072K, 0% used [0x0000000701c00000,0x0000000701d190c8,0x0000000709c00000)
 Metaspace       used 20525K, capacity 21114K, committed 21248K, reserved 1067008K
  class space    used 2629K, capacity 2771K, committed 2816K, reserved 1048576K
}
Event: 1.387 GC heap before
{Heap before GC invocations=4 (full 1):
 PSYoungGen      total 57344K, used 8190K [0x0000000780980000, 0x0000000784980000, 0x00000007c0000000)
  eden space 49152K, 0% used [0x0000000780980000,0x0000000780980000,0x0000000783980000)
  from space 8192K, 99% used [0x0000000783980000,0x000000078417fb30,0x0000000784180000)
  to   space 8192K, 0% used [0x0000000784180000,0x0000000784180000,0x0000000784980000)
 ParOldGen       total 131072K, used 1124K [0x0000000701c00000, 0x0000000709c00000, 0x0000000780980000)
  object space 131072K, 0% used [0x0000000701c00000,0x0000000701d190c8,0x0000000709c00000)
 Metaspace       used 20525K, capacity 21114K, committed 21248K, reserved 1067008K
  class space    used 2629K, capacity 2771K, committed 2816K, reserved 1048576K
Event: 1.417 GC heap after
Heap after GC invocations=4 (full 1):
 PSYoungGen      total 57344K, used 0K [0x0000000780980000, 0x0000000784980000, 0x00000007c0000000)
  eden space 49152K, 0% used [0x0000000780980000,0x0000000780980000,0x0000000783980000)
  from space 8192K, 0% used [0x0000000783980000,0x0000000783980000,0x0000000784180000)
  to   space 8192K, 0% used [0x0000000784180000,0x0000000784180000,0x0000000784980000)
 ParOldGen       total 81920K, used 8946K [0x0000000701c00000, 0x0000000706c00000, 0x0000000780980000)
  object space 81920K, 10% used [0x0000000701c00000,0x00000007024bc9c8,0x0000000706c00000)
 Metaspace       used 20525K, capacity 21114K, committed 21248K, reserved 1067008K
  class space    used 2629K, capacity 2771K, committed 2816K, reserved 1048576K
}
Event: 1.783 GC heap before
{Heap before GC invocations=5 (full 1):
 PSYoungGen      total 57344K, used 49152K [0x0000000780980000, 0x0000000784980000, 0x00000007c0000000)
  eden space 49152K, 100% used [0x0000000780980000,0x0000000783980000,0x0000000783980000)
  from space 8192K, 0% used [0x0000000783980000,0x0000000783980000,0x0000000784180000)
  to   space 8192K, 0% used [0x0000000784180000,0x0000000784180000,0x0000000784980000)
 ParOldGen       total 81920K, used 8946K [0x0000000701c00000, 0x0000000706c00000, 0x0000000780980000)
  object space 81920K, 10% used [0x0000000701c00000,0x00000007024bc9c8,0x0000000706c00000)
 Metaspace       used 24591K, capacity 25308K, committed 25472K, reserved 1071104K
  class space    used 3153K, capacity 3346K, committed 3456K, reserved 1048576K
Event: 1.789 GC heap after
Heap after GC invocations=5 (full 1):
 PSYoungGen      total 57344K, used 5141K [0x0000000780980000, 0x0000000786280000, 0x00000007c0000000)
  eden space 49152K, 0% used [0x0000000780980000,0x0000000780980000,0x0000000783980000)
  from space 8192K, 62% used [0x0000000784180000,0x00000007846855a0,0x0000000784980000)
  to   space 8192K, 0% used [0x0000000783980000,0x0000000783980000,0x0000000784180000)
 ParOldGen       total 81920K, used 9018K [0x0000000701c00000, 0x0000000706c00000, 0x0000000780980000)
  object space 81920K, 11% used [0x0000000701c00000,0x00000007024ce9d8,0x0000000706c00000)
 Metaspace       used 24591K, capacity 25308K, committed 25472K, reserved 1071104K
  class space    used 3153K, capacity 3346K, committed 3456K, reserved 1048576K
}

